<?xml version="1.0" encoding="UTF-8"?>
<testng-results ignored="0" total="2" passed="2" failed="0" skipped="0">
  <reporter-output>
  </reporter-output>
  <suite started-at="2023-05-19T23:05:48 IST" name="Sanity Suite" finished-at="2023-05-19T23:06:11 IST" duration-ms="22211">
    <groups>
    </groups>
    <test started-at="2023-05-19T23:05:48 IST" name="Google Test" finished-at="2023-05-19T23:05:57 IST" duration-ms="8244">
      <class name="a1_googleTest.A1_GoogleTest">
        <test-method signature="validateGoogle()[pri:0, instance:a1_googleTest.A1_GoogleTest@43195e57]" started-at="2023-05-19T23:05:48 IST" name="validateGoogle" finished-at="2023-05-19T23:05:57 IST" duration-ms="8166" status="PASS">
          <reporter-output>
          </reporter-output>
        </test-method> <!-- validateGoogle -->
      </class> <!-- a1_googleTest.A1_GoogleTest -->
    </test> <!-- Google Test -->
    <test started-at="2023-05-19T23:05:57 IST" name="Bing Test" finished-at="2023-05-19T23:06:11 IST" duration-ms="13934">
      <class name="a2_bingTest.A1_BingTest">
        <test-method signature="validateBing()[pri:0, instance:a2_bingTest.A1_BingTest@79e2c065]" started-at="2023-05-19T23:05:57 IST" name="validateBing" finished-at="2023-05-19T23:06:11 IST" duration-ms="13930" status="PASS">
          <reporter-output>
          </reporter-output>
        </test-method> <!-- validateBing -->
      </class> <!-- a2_bingTest.A1_BingTest -->
    </test> <!-- Bing Test -->
  </suite> <!-- Sanity Suite -->
</testng-results>
